[debug] [2025-11-30T18:49:16.145Z] ----------------------------------------------------------------------
[debug] [2025-11-30T18:49:16.148Z] Command:       /home/ubuntu/.nvm/versions/node/v24.11.0/bin/node /home/ubuntu/.nvm/versions/node/v24.11.0/bin/firebase deploy --only functions:postProcessSprite
[debug] [2025-11-30T18:49:16.148Z] CLI Version:   14.26.0
[debug] [2025-11-30T18:49:16.148Z] Platform:      linux
[debug] [2025-11-30T18:49:16.149Z] Node Version:  v24.11.0
[debug] [2025-11-30T18:49:16.149Z] Time:          Sun Nov 30 2025 18:49:16 GMT+0000 (Coordinated Universal Time)
[debug] [2025-11-30T18:49:16.149Z] ----------------------------------------------------------------------
[debug] 
[debug] [2025-11-30T18:49:16.151Z] >>> [apiv2][query] GET https://firebase-public.firebaseio.com/cli.json [none]
[debug] [2025-11-30T18:49:16.440Z] > command requires scopes: ["email","openid","https://www.googleapis.com/auth/cloudplatformprojects.readonly","https://www.googleapis.com/auth/firebase","https://www.googleapis.com/auth/cloud-platform"]
[debug] [2025-11-30T18:49:16.440Z] > authorizing via signed-in user (j7un28@gmail.com)
[debug] [2025-11-30T18:49:16.440Z] [iam] checking project nara-a65bc for permissions ["cloudfunctions.functions.create","cloudfunctions.functions.delete","cloudfunctions.functions.get","cloudfunctions.functions.list","cloudfunctions.functions.update","cloudfunctions.operations.get","firebase.projects.get"]
[debug] [2025-11-30T18:49:16.441Z] Checked if tokens are valid: false, expires at: 1764281976396
[debug] [2025-11-30T18:49:16.441Z] Checked if tokens are valid: false, expires at: 1764281976396
[debug] [2025-11-30T18:49:16.442Z] > refreshing access token with scopes: []
[debug] [2025-11-30T18:49:16.443Z] >>> [apiv2][query] POST https://www.googleapis.com/oauth2/v3/token [none]
[debug] [2025-11-30T18:49:16.443Z] >>> [apiv2][body] POST https://www.googleapis.com/oauth2/v3/token [omitted]
[debug] [2025-11-30T18:49:16.559Z] <<< [apiv2][status] POST https://www.googleapis.com/oauth2/v3/token 200
[debug] [2025-11-30T18:49:16.559Z] <<< [apiv2][body] POST https://www.googleapis.com/oauth2/v3/token [omitted]
[debug] [2025-11-30T18:49:16.566Z] >>> [apiv2][query] POST https://cloudresourcemanager.googleapis.com/v1/projects/nara-a65bc:testIamPermissions [none]
[debug] [2025-11-30T18:49:16.566Z] >>> [apiv2][(partial)header] POST https://cloudresourcemanager.googleapis.com/v1/projects/nara-a65bc:testIamPermissions x-goog-quota-user=projects/nara-a65bc
[debug] [2025-11-30T18:49:16.566Z] >>> [apiv2][body] POST https://cloudresourcemanager.googleapis.com/v1/projects/nara-a65bc:testIamPermissions {"permissions":["cloudfunctions.functions.create","cloudfunctions.functions.delete","cloudfunctions.functions.get","cloudfunctions.functions.list","cloudfunctions.functions.update","cloudfunctions.operations.get","firebase.projects.get"]}
[debug] [2025-11-30T18:49:16.569Z] <<< [apiv2][status] GET https://firebase-public.firebaseio.com/cli.json 200
[debug] [2025-11-30T18:49:16.570Z] <<< [apiv2][body] GET https://firebase-public.firebaseio.com/cli.json {"cloudBuildErrorAfter":1594252800000,"cloudBuildWarnAfter":1590019200000,"defaultNode10After":1594252800000,"minVersion":"3.0.5","node8DeploysDisabledAfter":1613390400000,"node8RuntimeDisabledAfter":1615809600000,"node8WarnAfter":1600128000000}
[debug] [2025-11-30T18:49:16.655Z] <<< [apiv2][status] POST https://cloudresourcemanager.googleapis.com/v1/projects/nara-a65bc:testIamPermissions 200
[debug] [2025-11-30T18:49:16.656Z] <<< [apiv2][body] POST https://cloudresourcemanager.googleapis.com/v1/projects/nara-a65bc:testIamPermissions {"permissions":["cloudfunctions.functions.create","cloudfunctions.functions.delete","cloudfunctions.functions.get","cloudfunctions.functions.list","cloudfunctions.functions.update","cloudfunctions.operations.get","firebase.projects.get"]}
[debug] [2025-11-30T18:49:16.656Z] Checked if tokens are valid: true, expires at: 1764532155559
[debug] [2025-11-30T18:49:16.657Z] Checked if tokens are valid: true, expires at: 1764532155559
[debug] [2025-11-30T18:49:16.657Z] >>> [apiv2][query] POST https://iam.googleapis.com/v1/projects/nara-a65bc/serviceAccounts/nara-a65bc@appspot.gserviceaccount.com:testIamPermissions [none]
[debug] [2025-11-30T18:49:16.657Z] >>> [apiv2][body] POST https://iam.googleapis.com/v1/projects/nara-a65bc/serviceAccounts/nara-a65bc@appspot.gserviceaccount.com:testIamPermissions {"permissions":["iam.serviceAccounts.actAs"]}
[debug] [2025-11-30T18:49:16.785Z] <<< [apiv2][status] POST https://iam.googleapis.com/v1/projects/nara-a65bc/serviceAccounts/nara-a65bc@appspot.gserviceaccount.com:testIamPermissions 200
[debug] [2025-11-30T18:49:16.786Z] <<< [apiv2][body] POST https://iam.googleapis.com/v1/projects/nara-a65bc/serviceAccounts/nara-a65bc@appspot.gserviceaccount.com:testIamPermissions {"permissions":["iam.serviceAccounts.actAs"]}
[info] 
[info] === Deploying to 'nara-a65bc'...
[info] 
[info] i  deploying functions 
[debug] [2025-11-30T18:49:16.795Z] Checked if tokens are valid: true, expires at: 1764532155559
[debug] [2025-11-30T18:49:16.795Z] Checked if tokens are valid: true, expires at: 1764532155559
[debug] [2025-11-30T18:49:16.795Z] >>> [apiv2][query] GET https://cloudresourcemanager.googleapis.com/v1/projects/nara-a65bc [none]
